# JRE version: Java(TM) SE Runtime Environment (8.0_40-b26) (build 1.8.0_40-b26)
# Java VM: Java HotSpot(TM) Client VM (25.40-b25 mixed mode windows-x86 )
Heap:
 def new generation   total 4992K, used 2171K [0x04600000, 0x04b60000, 0x09b50000)
  eden space 4480K,  37% used [0x04600000, 0x0479ef08, 0x04a60000)
  from space 512K,  99% used [0x04a60000, 0x04adfff8, 0x04ae0000)
  to   space 512K,   0% used [0x04ae0000, 0x04ae0000, 0x04b60000)
 tenured generation   total 10944K, used 6210K [0x09b50000, 0x0a600000, 0x14600000)
   the space 10944K,  56% used [0x09b50000, 0x0a1609c0, 0x0a160a00, 0x0a600000)
 Metaspace       used 13933K, capacity 14081K, committed 14208K, reserved 14720K
GC Heap History (10 events):
Event: 4.279 GC heap before
{Heap before GC invocations=19 (full 0):
 def new generation   total 4928K, used 2934K [0x04600000, 0x04b50000, 0x09b50000)
  eden space 4416K,  54% used [0x04600000, 0x0485db58, 0x04a50000)
  from space 512K, 100% used [0x04ad0000, 0x04b50000, 0x04b50000)
  to   space 512K,   0% used [0x04a50000, 0x04a50000, 0x04ad0000)
 tenured generation   total 10944K, used 6866K [0x09b50000, 0x0a600000, 0x14600000)
   the space 10944K,  62% used [0x09b50000, 0x0a2049d8, 0x0a204a00, 0x0a600000)
 Metaspace       used 12150K, capacity 12271K, committed 12288K, reserved 12672K
Event: 4.305 GC heap after
Heap after GC invocations=20 (full 1):
 def new generation   total 4992K, used 0K [0x04600000, 0x04b60000, 0x09b50000)
  eden space 4480K,   0% used [0x04600000, 0x04600000, 0x04a60000)
  from space 512K,   0% used [0x04a60000, 0x04a60000, 0x04ae0000)
  to   space 512K,   0% used [0x04ae0000, 0x04ae0000, 0x04b60000)
 tenured generation   total 10944K, used 5091K [0x09b50000, 0x0a600000, 0x14600000)
   the space 10944K,  46% used [0x09b50000, 0x0a048ed8, 0x0a049000, 0x0a600000)
 Metaspace       used 12150K, capacity 12271K, committed 12288K, reserved 12672K
}
Event: 4.415 GC heap before
{Heap before GC invocations=20 (full 1):
 def new generation   total 4992K, used 4480K [0x04600000, 0x04b60000, 0x09b50000)
  eden space 4480K, 100% used [0x04600000, 0x04a60000, 0x04a60000)
  from space 512K,   0% used [0x04a60000, 0x04a60000, 0x04ae0000)
  to   space 512K,   0% used [0x04ae0000, 0x04ae0000, 0x04b60000)
 tenured generation   total 10944K, used 5091K [0x09b50000, 0x0a600000, 0x14600000)
   the space 10944K,  46% used [0x09b50000, 0x0a048ed8, 0x0a049000, 0x0a600000)
 Metaspace       used 12603K, capacity 12737K, committed 12800K, reserved 13696K
Event: 4.419 GC heap after
Heap after GC invocations=21 (full 1):
 def new generation   total 4992K, used 512K [0x04600000, 0x04b60000, 0x09b50000)
  eden space 4480K,   0% used [0x04600000, 0x04600000, 0x04a60000)
  from space 512K, 100% used [0x04ae0000, 0x04b60000, 0x04b60000)
  to   space 512K,   0% used [0x04a60000, 0x04a60000, 0x04ae0000)
 tenured generation   total 10944K, used 5309K [0x09b50000, 0x0a600000, 0x14600000)
   the space 10944K,  48% used [0x09b50000, 0x0a07f6e0, 0x0a07f800, 0x0a600000)
 Metaspace       used 12603K, capacity 12737K, committed 12800K, reserved 13696K
}
Event: 5.069 GC heap before
{Heap before GC invocations=21 (full 1):
 def new generation   total 4992K, used 4992K [0x04600000, 0x04b60000, 0x09b50000)
  eden space 4480K, 100% used [0x04600000, 0x04a60000, 0x04a60000)
  from space 512K, 100% used [0x04ae0000, 0x04b60000, 0x04b60000)
  to   space 512K,   0% used [0x04a60000, 0x04a60000, 0x04ae0000)
 tenured generation   total 10944K, used 5309K [0x09b50000, 0x0a600000, 0x14600000)
   the space 10944K,  48% used [0x09b50000, 0x0a07f6e0, 0x0a07f800, 0x0a600000)
 Metaspace       used 13123K, capacity 13249K, committed 13312K, reserved 13696K
Event: 5.072 GC heap after
Heap after GC invocations=22 (full 1):
 def new generation   total 4992K, used 512K [0x04600000, 0x04b60000, 0x09b50000)
  eden space 4480K,   0% used [0x04600000, 0x04600000, 0x04a60000)
  from space 512K, 100% used [0x04a60000, 0x04ae0000, 0x04ae0000)
  to   space 512K,   0% used [0x04ae0000, 0x04ae0000, 0x04b60000)
 tenured generation   total 10944K, used 5509K [0x09b50000, 0x0a600000, 0x14600000)
   the space 10944K,  50% used [0x09b50000, 0x0a0b1678, 0x0a0b1800, 0x0a600000)
 Metaspace       used 13123K, capacity 13249K, committed 13312K, reserved 13696K
}
Event: 5.166 GC heap before
{Heap before GC invocations=22 (full 1):
 def new generation   total 4992K, used 4992K [0x04600000, 0x04b60000, 0x09b50000)
  eden space 4480K, 100% used [0x04600000, 0x04a60000, 0x04a60000)
  from space 512K, 100% used [0x04a60000, 0x04ae0000, 0x04ae0000)
  to   space 512K,   0% used [0x04ae0000, 0x04ae0000, 0x04b60000)
 tenured generation   total 10944K, used 5509K [0x09b50000, 0x0a600000, 0x14600000)
   the space 10944K,  50% used [0x09b50000, 0x0a0b1678, 0x0a0b1800, 0x0a600000)
 Metaspace       used 13376K, capacity 13537K, committed 13568K, reserved 13696K
Event: 5.170 GC heap after
Heap after GC invocations=23 (full 1):
 def new generation   total 4992K, used 511K [0x04600000, 0x04b60000, 0x09b50000)
  eden space 4480K,   0% used [0x04600000, 0x04600000, 0x04a60000)
  from space 512K,  99% used [0x04ae0000, 0x04b5fff8, 0x04b60000)
  to   space 512K,   0% used [0x04a60000, 0x04a60000, 0x04ae0000)
 tenured generation   total 10944K, used 5724K [0x09b50000, 0x0a600000, 0x14600000)
   the space 10944K,  52% used [0x09b50000, 0x0a0e7110, 0x0a0e7200, 0x0a600000)
 Metaspace       used 13376K, capacity 13537K, committed 13568K, reserved 13696K
}
Event: 5.328 GC heap before
{Heap before GC invocations=23 (full 1):
 def new generation   total 4992K, used 4991K [0x04600000, 0x04b60000, 0x09b50000)
  eden space 4480K, 100% used [0x04600000, 0x04a60000, 0x04a60000)
  from space 512K,  99% used [0x04ae0000, 0x04b5fff8, 0x04b60000)
  to   space 512K,   0% used [0x04a60000, 0x04a60000, 0x04ae0000)
 tenured generation   total 10944K, used 5724K [0x09b50000, 0x0a600000, 0x14600000)
   the space 10944K,  52% used [0x09b50000, 0x0a0e7110, 0x0a0e7200, 0x0a600000)
 Metaspace       used 13788K, capacity 13953K, committed 14080K, reserved 14720K
Event: 5.332 GC heap after
Heap after GC invocations=24 (full 1):
 def new generation   total 4992K, used 511K [0x04600000, 0x04b60000, 0x09b50000)
  eden space 4480K,   0% used [0x04600000, 0x04600000, 0x04a60000)
  from space 512K,  99% used [0x04a60000, 0x04adfff8, 0x04ae0000)
  to   space 512K,   0% used [0x04ae0000, 0x04ae0000, 0x04b60000)
 tenured generation   total 10944K, used 6210K [0x09b50000, 0x0a600000, 0x14600000)
   the space 10944K,  56% used [0x09b50000, 0x0a1609c0, 0x0a160a00, 0x0a600000)
 Metaspace       used 13788K, capacity 13953K, committed 14080K, reserved 14720K
}

